Restore Archived Project report for vga_exercise
Sun Nov 10 12:35:12 2013
Quartus II 32-bit Version 12.0 Build 263 08/02/2012 Service Pack 2 SJ Web Edition


---------------------
; Table of Contents ;
---------------------
  1. Legal Notice
  2. Restore Archived Project Summary
  3. Restore Archived Project Messages
  4. Files Restored
  5. Files Not Restored



----------------
; Legal Notice ;
----------------
Copyright (C) 1991-2012 Altera Corporation
Your use of Altera Corporation's design tools, logic functions 
and other software and tools, and its AMPP partner logic 
functions, and any output files from any of the foregoing 
(including device programming or simulation files), and any 
associated documentation or information are expressly subject 
to the terms and conditions of the Altera Program License 
Subscription Agreement, Altera MegaCore Function License 
Agreement, or other applicable license agreement, including, 
without limitation, that your use is for the sole purpose of 
programming logic devices manufactured by Altera and sold by 
Altera or its authorized distributors.  Please refer to the 
applicable agreement for further details.



+-------------------------------------------------------------------------+
; Restore Archived Project Summary                                        ;
+---------------------------------+---------------------------------------+
; Restore Archived Project Status ; Successful - Sun Nov 10 12:35:12 2013 ;
; Revision Name                   ; vga_exercise                          ;
; Top-level Entity Name           ; lights                                ;
; Family                          ; Cyclone II                            ;
+---------------------------------+---------------------------------------+


+-----------------------------------+
; Restore Archived Project Messages ;
+-----------------------------------+
Info: Successfully restored 'C:/Users/Home/Documents/GitHub/why-so-smaug/vga_exercise_tmp_archive.qar' into the 'C:/Users/Home/Documents/GitHub/super-smash-poker/de2/ssp_hardware' directory
Info: Generated report 'vga_exercise.restore.rpt'


+------------------------------------------------------------------------------------------+
; Files Restored                                                                           ;
+------------------------------------------------------------------------------------------+
; File Name                                                                                ;
+------------------------------------------------------------------------------------------+
; incremental_db/compiled_partitions/vga_exercise.db_info                                  ;
; lights.vhd                                                                               ;
; nios_system.qsys                                                                         ;
; nios_system.sopcinfo                                                                     ;
; nios_system/synthesis/nios_system.qip                                                    ;
; nios_system/synthesis/nios_system.v                                                      ;
; nios_system/synthesis/submodules/Altera_UP_SD_CRC16_Generator.vhd                        ;
; nios_system/synthesis/submodules/Altera_UP_SD_CRC7_Generator.vhd                         ;
; nios_system/synthesis/submodules/Altera_UP_SD_Card_48_bit_Command_Generator.vhd          ;
; nios_system/synthesis/submodules/Altera_UP_SD_Card_Avalon_Interface.vhd                  ;
; nios_system/synthesis/submodules/Altera_UP_SD_Card_Buffer.vhd                            ;
; nios_system/synthesis/submodules/Altera_UP_SD_Card_Clock.vhd                             ;
; nios_system/synthesis/submodules/Altera_UP_SD_Card_Control_FSM.vhd                       ;
; nios_system/synthesis/submodules/Altera_UP_SD_Card_Interface.vhd                         ;
; nios_system/synthesis/submodules/Altera_UP_SD_Card_Memory_Block.bsf                      ;
; nios_system/synthesis/submodules/Altera_UP_SD_Card_Memory_Block.cmp                      ;
; nios_system/synthesis/submodules/Altera_UP_SD_Card_Memory_Block.qip                      ;
; nios_system/synthesis/submodules/Altera_UP_SD_Card_Memory_Block.vhd                      ;
; nios_system/synthesis/submodules/Altera_UP_SD_Card_Response_Receiver.vhd                 ;
; nios_system/synthesis/submodules/Altera_UP_SD_Signal_Trigger.vhd                         ;
; nios_system/synthesis/submodules/altera_avalon_sc_fifo.v                                 ;
; nios_system/synthesis/submodules/altera_avalon_st_clock_crosser.v                        ;
; nios_system/synthesis/submodules/altera_avalon_st_handshake_clock_crosser.v              ;
; nios_system/synthesis/submodules/altera_avalon_st_pipeline_base.v                        ;
; nios_system/synthesis/submodules/altera_merlin_arbitrator.sv                             ;
; nios_system/synthesis/submodules/altera_merlin_burst_adapter.sv                          ;
; nios_system/synthesis/submodules/altera_merlin_burst_uncompressor.sv                     ;
; nios_system/synthesis/submodules/altera_merlin_master_agent.sv                           ;
; nios_system/synthesis/submodules/altera_merlin_master_translator.sv                      ;
; nios_system/synthesis/submodules/altera_merlin_slave_agent.sv                            ;
; nios_system/synthesis/submodules/altera_merlin_slave_translator.sv                       ;
; nios_system/synthesis/submodules/altera_merlin_traffic_limiter.sv                        ;
; nios_system/synthesis/submodules/altera_merlin_width_adapter.sv                          ;
; nios_system/synthesis/submodules/altera_reset_controller.sdc                             ;
; nios_system/synthesis/submodules/altera_reset_controller.v                               ;
; nios_system/synthesis/submodules/altera_reset_synchronizer.v                             ;
; nios_system/synthesis/submodules/altera_up_audio_bit_counter.v                           ;
; nios_system/synthesis/submodules/altera_up_audio_in_deserializer.v                       ;
; nios_system/synthesis/submodules/altera_up_audio_out_serializer.v                        ;
; nios_system/synthesis/submodules/altera_up_av_config_auto_init.v                         ;
; nios_system/synthesis/submodules/altera_up_av_config_auto_init_d5m.v                     ;
; nios_system/synthesis/submodules/altera_up_av_config_auto_init_dc2.v                     ;
; nios_system/synthesis/submodules/altera_up_av_config_auto_init_lcm.v                     ;
; nios_system/synthesis/submodules/altera_up_av_config_auto_init_ltm.v                     ;
; nios_system/synthesis/submodules/altera_up_av_config_auto_init_ob_adv7180.v              ;
; nios_system/synthesis/submodules/altera_up_av_config_auto_init_ob_adv7181.v              ;
; nios_system/synthesis/submodules/altera_up_av_config_auto_init_ob_audio.v                ;
; nios_system/synthesis/submodules/altera_up_av_config_auto_init_ob_de2_115.v              ;
; nios_system/synthesis/submodules/altera_up_av_config_auto_init_ob_de2_35.v               ;
; nios_system/synthesis/submodules/altera_up_av_config_auto_init_ob_de2_70.v               ;
; nios_system/synthesis/submodules/altera_up_av_config_serial_bus_controller.v             ;
; nios_system/synthesis/submodules/altera_up_avalon_video_vga_timing.v                     ;
; nios_system/synthesis/submodules/altera_up_character_lcd_communication.v                 ;
; nios_system/synthesis/submodules/altera_up_character_lcd_initialization.v                ;
; nios_system/synthesis/submodules/altera_up_clock_edge.v                                  ;
; nios_system/synthesis/submodules/altera_up_slow_clock_generator.v                        ;
; nios_system/synthesis/submodules/altera_up_sync_fifo.v                                   ;
; nios_system/synthesis/submodules/altera_up_video_128_character_rom.v                     ;
; nios_system/synthesis/submodules/altera_up_video_alpha_blender_normal.v                  ;
; nios_system/synthesis/submodules/altera_up_video_alpha_blender_simple.v                  ;
; nios_system/synthesis/submodules/altera_up_video_char_mode_rom_128.mif                   ;
; nios_system/synthesis/submodules/altera_up_video_fb_color_rom.mif                        ;
; nios_system/synthesis/submodules/altera_up_video_fb_color_rom.v                          ;
; nios_system/synthesis/submodules/altera_up_video_scaler_multiply_height.v                ;
; nios_system/synthesis/submodules/altera_up_video_scaler_multiply_width.v                 ;
; nios_system/synthesis/submodules/altera_up_video_scaler_shrink.v                         ;
; nios_system/synthesis/submodules/nios_system_addr_router.sv                              ;
; nios_system/synthesis/submodules/nios_system_addr_router_001.sv                          ;
; nios_system/synthesis/submodules/nios_system_addr_router_002.sv                          ;
; nios_system/synthesis/submodules/nios_system_alpha_blender.v                             ;
; nios_system/synthesis/submodules/nios_system_audio.v                                     ;
; nios_system/synthesis/submodules/nios_system_audio_config.v                              ;
; nios_system/synthesis/submodules/nios_system_buttons.v                                   ;
; nios_system/synthesis/submodules/nios_system_char_drawer.v                               ;
; nios_system/synthesis/submodules/nios_system_character_lcd_0.v                           ;
; nios_system/synthesis/submodules/nios_system_clocks.v                                    ;
; nios_system/synthesis/submodules/nios_system_cmd_xbar_demux.sv                           ;
; nios_system/synthesis/submodules/nios_system_cmd_xbar_demux_001.sv                       ;
; nios_system/synthesis/submodules/nios_system_cmd_xbar_demux_002.sv                       ;
; nios_system/synthesis/submodules/nios_system_cmd_xbar_mux.sv                             ;
; nios_system/synthesis/submodules/nios_system_cmd_xbar_mux_002.sv                         ;
; nios_system/synthesis/submodules/nios_system_id_router.sv                                ;
; nios_system/synthesis/submodules/nios_system_id_router_002.sv                            ;
; nios_system/synthesis/submodules/nios_system_id_router_003.sv                            ;
; nios_system/synthesis/submodules/nios_system_id_router_006.sv                            ;
; nios_system/synthesis/submodules/nios_system_id_router_007.sv                            ;
; nios_system/synthesis/submodules/nios_system_irq_mapper.sv                               ;
; nios_system/synthesis/submodules/nios_system_jtag_uart.v                                 ;
; nios_system/synthesis/submodules/nios_system_jtag_uart_input_mutex.dat                   ;
; nios_system/synthesis/submodules/nios_system_jtag_uart_input_stream.dat                  ;
; nios_system/synthesis/submodules/nios_system_jtag_uart_output_stream.dat                 ;
; nios_system/synthesis/submodules/nios_system_leds.v                                      ;
; nios_system/synthesis/submodules/nios_system_nios2_processor.ocp                         ;
; nios_system/synthesis/submodules/nios_system_nios2_processor.sdc                         ;
; nios_system/synthesis/submodules/nios_system_nios2_processor.v                           ;
; nios_system/synthesis/submodules/nios_system_nios2_processor_ic_tag_ram.mif              ;
; nios_system/synthesis/submodules/nios_system_nios2_processor_jtag_debug_module_sysclk.v  ;
; nios_system/synthesis/submodules/nios_system_nios2_processor_jtag_debug_module_tck.v     ;
; nios_system/synthesis/submodules/nios_system_nios2_processor_jtag_debug_module_wrapper.v ;
; nios_system/synthesis/submodules/nios_system_nios2_processor_oci_test_bench.v            ;
; nios_system/synthesis/submodules/nios_system_nios2_processor_ociram_default_contents.mif ;
; nios_system/synthesis/submodules/nios_system_nios2_processor_rf_ram_a.mif                ;
; nios_system/synthesis/submodules/nios_system_nios2_processor_rf_ram_b.mif                ;
; nios_system/synthesis/submodules/nios_system_nios2_processor_test_bench.v                ;
; nios_system/synthesis/submodules/nios_system_onchip_memory.hex                           ;
; nios_system/synthesis/submodules/nios_system_onchip_memory.v                             ;
; nios_system/synthesis/submodules/nios_system_pixel_buffer.v                              ;
; nios_system/synthesis/submodules/nios_system_pixel_buffer_dma.v                          ;
; nios_system/synthesis/submodules/nios_system_rgb_resampler.v                             ;
; nios_system/synthesis/submodules/nios_system_rsp_xbar_demux.sv                           ;
; nios_system/synthesis/submodules/nios_system_rsp_xbar_demux_002.sv                       ;
; nios_system/synthesis/submodules/nios_system_rsp_xbar_demux_003.sv                       ;
; nios_system/synthesis/submodules/nios_system_rsp_xbar_demux_006.sv                       ;
; nios_system/synthesis/submodules/nios_system_rsp_xbar_mux.sv                             ;
; nios_system/synthesis/submodules/nios_system_rsp_xbar_mux_001.sv                         ;
; nios_system/synthesis/submodules/nios_system_scaler.v                                    ;
; nios_system/synthesis/submodules/nios_system_sdram.v                                     ;
; nios_system/synthesis/submodules/nios_system_switches.v                                  ;
; nios_system/synthesis/submodules/nios_system_sys_clk.v                                   ;
; nios_system/synthesis/submodules/nios_system_vga_controller.v                            ;
; nios_system/synthesis/submodules/nios_system_video_fifo.v                                ;
; vga_exercise.qpf                                                                         ;
; vga_exercise.qsf                                                                         ;
; vga_exercise_assignment_defaults.qdf                                                     ;
+------------------------------------------------------------------------------------------+


+--------------------+
; Files Not Restored ;
+--------------------+
; File Name          ;
+--------------------+


